2025-09-29T00:19:46.436-05:00  INFO 27644 --- [client-service] [main] c.t.c.ClientServiceApplicationTests      : Starting ClientServiceApplicationTests using Java 24.0.2 with PID 27644 (started by Encalada Farias in C:\Ejemplo-App\CursoJava\client-service\client-service)
2025-09-29T00:19:46.446-05:00  INFO 27644 --- [client-service] [main] c.t.c.ClientServiceApplicationTests      : The following 1 profile is active: "ci"
2025-09-29T00:19:47.254-05:00  INFO 27644 --- [client-service] [main] .s.d.r.c.RepositoryConfigurationDelegate : Bootstrapping Spring Data JPA repositories in DEFAULT mode.
2025-09-29T00:19:47.333-05:00  INFO 27644 --- [client-service] [main] .s.d.r.c.RepositoryConfigurationDelegate : Finished Spring Data repository scanning in 64 ms. Found 2 JPA repository interfaces.
2025-09-29T00:19:47.711-05:00  INFO 27644 --- [client-service] [main] com.zaxxer.hikari.HikariDataSource       : HikariPool-1 - Starting...
2025-09-29T00:19:48.001-05:00  INFO 27644 --- [client-service] [main] com.zaxxer.hikari.pool.HikariPool        : HikariPool-1 - Added connection conn0: url=jdbc:h2:mem:testdb user=SA
2025-09-29T00:19:48.003-05:00  INFO 27644 --- [client-service] [main] com.zaxxer.hikari.HikariDataSource       : HikariPool-1 - Start completed.
2025-09-29T00:19:48.144-05:00  INFO 27644 --- [client-service] [main] o.hibernate.jpa.internal.util.LogHelper  : HHH000204: Processing PersistenceUnitInfo [name: default]
2025-09-29T00:19:48.237-05:00  INFO 27644 --- [client-service] [main] org.hibernate.Version                    : HHH000412: Hibernate ORM core version 6.6.22.Final
2025-09-29T00:19:48.292-05:00  INFO 27644 --- [client-service] [main] o.h.c.internal.RegionFactoryInitiator    : HHH000026: Second-level cache disabled
2025-09-29T00:19:48.719-05:00  INFO 27644 --- [client-service] [main] o.s.o.j.p.SpringPersistenceUnitInfo      : No LoadTimeWeaver setup: ignoring JPA class transformer
2025-09-29T00:19:48.833-05:00  INFO 27644 --- [client-service] [main] org.hibernate.orm.connections.pooling    : HHH10001005: Database info:
	Database JDBC URL [Connecting through datasource 'HikariDataSource (HikariPool-1)']
	Database driver: undefined/unknown
	Database version: 2.3.232
	Autocommit mode: undefined/unknown
	Isolation level: undefined/unknown
	Minimum pool size: undefined/unknown
	Maximum pool size: undefined/unknown
2025-09-29T00:19:49.836-05:00  INFO 27644 --- [client-service] [main] o.h.e.t.j.p.i.JtaPlatformInitiator       : HHH000489: No JTA platform available (set 'hibernate.transaction.jta.platform' to enable JTA platform integration)
2025-09-29T00:19:49.895-05:00  INFO 27644 --- [client-service] [main] j.LocalContainerEntityManagerFactoryBean : Initialized JPA EntityManagerFactory for persistence unit 'default'
2025-09-29T00:19:50.245-05:00  INFO 27644 --- [client-service] [main] o.s.d.j.r.query.QueryEnhancerFactory     : Hibernate is in classpath; If applicable, HQL parser will be used.
2025-09-29T00:19:50.996-05:00  WARN 27644 --- [client-service] [main] JpaBaseConfiguration$JpaWebConfiguration : spring.jpa.open-in-view is enabled by default. Therefore, database queries may be performed during view rendering. Explicitly configure spring.jpa.open-in-view to disable this warning
2025-09-29T00:19:51.362-05:00  INFO 27644 --- [client-service] [main] o.s.b.a.h2.H2ConsoleAutoConfiguration    : H2 console available at '/h2-console'. Database available at 'jdbc:h2:mem:testdb'
2025-09-29T00:19:51.437-05:00  INFO 27644 --- [client-service] [main] o.s.b.t.m.w.SpringBootMockServletContext : Initializing Spring TestDispatcherServlet ''
2025-09-29T00:19:51.437-05:00  INFO 27644 --- [client-service] [main] o.s.t.web.servlet.TestDispatcherServlet  : Initializing Servlet ''
2025-09-29T00:19:51.439-05:00  INFO 27644 --- [client-service] [main] o.s.t.web.servlet.TestDispatcherServlet  : Completed initialization in 1 ms
2025-09-29T00:19:51.475-05:00  INFO 27644 --- [client-service] [main] c.t.c.ClientServiceApplicationTests      : Started ClientServiceApplicationTests in 5.556 seconds (process running for 6.969)
2025-09-29T00:19:52.099-05:00  INFO 27644 --- [client-service] [SpringApplicationShutdownHook] j.LocalContainerEntityManagerFactoryBean : Closing JPA EntityManagerFactory for persistence unit 'default'
2025-09-29T00:19:52.102-05:00  INFO 27644 --- [client-service] [SpringApplicationShutdownHook] com.zaxxer.hikari.HikariDataSource       : HikariPool-1 - Shutdown initiated...
2025-09-29T00:19:52.105-05:00  INFO 27644 --- [client-service] [SpringApplicationShutdownHook] com.zaxxer.hikari.HikariDataSource       : HikariPool-1 - Shutdown completed.
2025-09-29T00:22:04.950-05:00  INFO 27652 --- [client-service] [main] c.t.c.ClientServiceApplicationTests      : Starting ClientServiceApplicationTests using Java 24.0.2 with PID 27652 (started by Encalada Farias in C:\Ejemplo-App\CursoJava\client-service\client-service)
2025-09-29T00:22:04.954-05:00  INFO 27652 --- [client-service] [main] c.t.c.ClientServiceApplicationTests      : The following 1 profile is active: "ci"
2025-09-29T00:22:06.351-05:00  INFO 27652 --- [client-service] [main] .s.d.r.c.RepositoryConfigurationDelegate : Bootstrapping Spring Data JPA repositories in DEFAULT mode.
2025-09-29T00:22:06.470-05:00  INFO 27652 --- [client-service] [main] .s.d.r.c.RepositoryConfigurationDelegate : Finished Spring Data repository scanning in 95 ms. Found 2 JPA repository interfaces.
2025-09-29T00:22:07.146-05:00  INFO 27652 --- [client-service] [main] com.zaxxer.hikari.HikariDataSource       : HikariPool-1 - Starting...
2025-09-29T00:22:07.514-05:00  INFO 27652 --- [client-service] [main] com.zaxxer.hikari.pool.HikariPool        : HikariPool-1 - Added connection conn0: url=jdbc:h2:mem:testdb user=SA
2025-09-29T00:22:07.518-05:00  INFO 27652 --- [client-service] [main] com.zaxxer.hikari.HikariDataSource       : HikariPool-1 - Start completed.
2025-09-29T00:22:07.729-05:00  INFO 27652 --- [client-service] [main] o.hibernate.jpa.internal.util.LogHelper  : HHH000204: Processing PersistenceUnitInfo [name: default]
2025-09-29T00:22:07.837-05:00  INFO 27652 --- [client-service] [main] org.hibernate.Version                    : HHH000412: Hibernate ORM core version 6.6.22.Final
2025-09-29T00:22:07.915-05:00  INFO 27652 --- [client-service] [main] o.h.c.internal.RegionFactoryInitiator    : HHH000026: Second-level cache disabled
2025-09-29T00:22:08.485-05:00  INFO 27652 --- [client-service] [main] o.s.o.j.p.SpringPersistenceUnitInfo      : No LoadTimeWeaver setup: ignoring JPA class transformer
2025-09-29T00:22:08.609-05:00  INFO 27652 --- [client-service] [main] org.hibernate.orm.connections.pooling    : HHH10001005: Database info:
	Database JDBC URL [Connecting through datasource 'HikariDataSource (HikariPool-1)']
	Database driver: undefined/unknown
	Database version: 2.3.232
	Autocommit mode: undefined/unknown
	Isolation level: undefined/unknown
	Minimum pool size: undefined/unknown
	Maximum pool size: undefined/unknown
2025-09-29T00:22:09.780-05:00  INFO 27652 --- [client-service] [main] o.h.e.t.j.p.i.JtaPlatformInitiator       : HHH000489: No JTA platform available (set 'hibernate.transaction.jta.platform' to enable JTA platform integration)
2025-09-29T00:22:09.865-05:00  INFO 27652 --- [client-service] [main] j.LocalContainerEntityManagerFactoryBean : Initialized JPA EntityManagerFactory for persistence unit 'default'
2025-09-29T00:22:10.370-05:00  INFO 27652 --- [client-service] [main] o.s.d.j.r.query.QueryEnhancerFactory     : Hibernate is in classpath; If applicable, HQL parser will be used.
2025-09-29T00:22:11.389-05:00  WARN 27652 --- [client-service] [main] JpaBaseConfiguration$JpaWebConfiguration : spring.jpa.open-in-view is enabled by default. Therefore, database queries may be performed during view rendering. Explicitly configure spring.jpa.open-in-view to disable this warning
2025-09-29T00:22:11.979-05:00  INFO 27652 --- [client-service] [main] o.s.b.a.h2.H2ConsoleAutoConfiguration    : H2 console available at '/h2-console'. Database available at 'jdbc:h2:mem:testdb'
2025-09-29T00:22:12.096-05:00  INFO 27652 --- [client-service] [main] o.s.b.t.m.w.SpringBootMockServletContext : Initializing Spring TestDispatcherServlet ''
2025-09-29T00:22:12.096-05:00  INFO 27652 --- [client-service] [main] o.s.t.web.servlet.TestDispatcherServlet  : Initializing Servlet ''
2025-09-29T00:22:12.098-05:00  INFO 27652 --- [client-service] [main] o.s.t.web.servlet.TestDispatcherServlet  : Completed initialization in 1 ms
2025-09-29T00:22:12.164-05:00  INFO 27652 --- [client-service] [main] c.t.c.ClientServiceApplicationTests      : Started ClientServiceApplicationTests in 8.217 seconds (process running for 10.344)
2025-09-29T00:22:13.038-05:00  INFO 27652 --- [client-service] [SpringApplicationShutdownHook] j.LocalContainerEntityManagerFactoryBean : Closing JPA EntityManagerFactory for persistence unit 'default'
2025-09-29T00:22:13.053-05:00  INFO 27652 --- [client-service] [SpringApplicationShutdownHook] com.zaxxer.hikari.HikariDataSource       : HikariPool-1 - Shutdown initiated...
2025-09-29T00:22:13.063-05:00  INFO 27652 --- [client-service] [SpringApplicationShutdownHook] com.zaxxer.hikari.HikariDataSource       : HikariPool-1 - Shutdown completed.
2025-09-29T00:24:23.550-05:00  INFO 29240 --- [client-service] [main] c.t.c.ClientServiceApplicationTests      : Starting ClientServiceApplicationTests using Java 24.0.2 with PID 29240 (started by Encalada Farias in C:\Ejemplo-App\CursoJava\client-service\client-service)
2025-09-29T00:24:23.553-05:00  INFO 29240 --- [client-service] [main] c.t.c.ClientServiceApplicationTests      : The following 1 profile is active: "ci"
2025-09-29T00:24:24.860-05:00  INFO 29240 --- [client-service] [main] .s.d.r.c.RepositoryConfigurationDelegate : Bootstrapping Spring Data JPA repositories in DEFAULT mode.
2025-09-29T00:24:24.977-05:00  INFO 29240 --- [client-service] [main] .s.d.r.c.RepositoryConfigurationDelegate : Finished Spring Data repository scanning in 88 ms. Found 2 JPA repository interfaces.
2025-09-29T00:24:25.619-05:00  INFO 29240 --- [client-service] [main] com.zaxxer.hikari.HikariDataSource       : HikariPool-1 - Starting...
2025-09-29T00:24:26.033-05:00  INFO 29240 --- [client-service] [main] com.zaxxer.hikari.pool.HikariPool        : HikariPool-1 - Added connection conn0: url=jdbc:h2:mem:testdb user=SA
2025-09-29T00:24:26.036-05:00  INFO 29240 --- [client-service] [main] com.zaxxer.hikari.HikariDataSource       : HikariPool-1 - Start completed.
2025-09-29T00:24:26.255-05:00  INFO 29240 --- [client-service] [main] o.hibernate.jpa.internal.util.LogHelper  : HHH000204: Processing PersistenceUnitInfo [name: default]
2025-09-29T00:24:26.360-05:00  INFO 29240 --- [client-service] [main] org.hibernate.Version                    : HHH000412: Hibernate ORM core version 6.6.22.Final
2025-09-29T00:24:26.425-05:00  INFO 29240 --- [client-service] [main] o.h.c.internal.RegionFactoryInitiator    : HHH000026: Second-level cache disabled
2025-09-29T00:24:27.036-05:00  INFO 29240 --- [client-service] [main] o.s.o.j.p.SpringPersistenceUnitInfo      : No LoadTimeWeaver setup: ignoring JPA class transformer
2025-09-29T00:24:27.180-05:00  INFO 29240 --- [client-service] [main] org.hibernate.orm.connections.pooling    : HHH10001005: Database info:
	Database JDBC URL [Connecting through datasource 'HikariDataSource (HikariPool-1)']
	Database driver: undefined/unknown
	Database version: 2.3.232
	Autocommit mode: undefined/unknown
	Isolation level: undefined/unknown
	Minimum pool size: undefined/unknown
	Maximum pool size: undefined/unknown
2025-09-29T00:24:28.402-05:00  INFO 29240 --- [client-service] [main] o.h.e.t.j.p.i.JtaPlatformInitiator       : HHH000489: No JTA platform available (set 'hibernate.transaction.jta.platform' to enable JTA platform integration)
2025-09-29T00:24:28.497-05:00  INFO 29240 --- [client-service] [main] j.LocalContainerEntityManagerFactoryBean : Initialized JPA EntityManagerFactory for persistence unit 'default'
2025-09-29T00:24:28.986-05:00  INFO 29240 --- [client-service] [main] o.s.d.j.r.query.QueryEnhancerFactory     : Hibernate is in classpath; If applicable, HQL parser will be used.
2025-09-29T00:24:30.006-05:00  WARN 29240 --- [client-service] [main] JpaBaseConfiguration$JpaWebConfiguration : spring.jpa.open-in-view is enabled by default. Therefore, database queries may be performed during view rendering. Explicitly configure spring.jpa.open-in-view to disable this warning
2025-09-29T00:24:30.570-05:00  INFO 29240 --- [client-service] [main] o.s.b.a.h2.H2ConsoleAutoConfiguration    : H2 console available at '/h2-console'. Database available at 'jdbc:h2:mem:testdb'
2025-09-29T00:24:30.699-05:00  INFO 29240 --- [client-service] [main] o.s.b.t.m.w.SpringBootMockServletContext : Initializing Spring TestDispatcherServlet ''
2025-09-29T00:24:30.700-05:00  INFO 29240 --- [client-service] [main] o.s.t.web.servlet.TestDispatcherServlet  : Initializing Servlet ''
2025-09-29T00:24:30.706-05:00  INFO 29240 --- [client-service] [main] o.s.t.web.servlet.TestDispatcherServlet  : Completed initialization in 5 ms
2025-09-29T00:24:30.772-05:00  INFO 29240 --- [client-service] [main] c.t.c.ClientServiceApplicationTests      : Started ClientServiceApplicationTests in 8.269 seconds (process running for 10.436)
2025-09-29T00:24:31.662-05:00  INFO 29240 --- [client-service] [SpringApplicationShutdownHook] j.LocalContainerEntityManagerFactoryBean : Closing JPA EntityManagerFactory for persistence unit 'default'
2025-09-29T00:24:31.665-05:00  INFO 29240 --- [client-service] [SpringApplicationShutdownHook] com.zaxxer.hikari.HikariDataSource       : HikariPool-1 - Shutdown initiated...
2025-09-29T00:24:31.667-05:00  INFO 29240 --- [client-service] [SpringApplicationShutdownHook] com.zaxxer.hikari.HikariDataSource       : HikariPool-1 - Shutdown completed.
2025-09-29T00:26:16.287-05:00  INFO 29352 --- [client-service] [main] c.t.c.ClientServiceApplicationTests      : Starting ClientServiceApplicationTests using Java 24.0.2 with PID 29352 (started by Encalada Farias in C:\Ejemplo-App\CursoJava\client-service\client-service)
2025-09-29T00:26:16.289-05:00  INFO 29352 --- [client-service] [main] c.t.c.ClientServiceApplicationTests      : The following 1 profile is active: "ci"
2025-09-29T00:26:17.567-05:00  INFO 29352 --- [client-service] [main] .s.d.r.c.RepositoryConfigurationDelegate : Bootstrapping Spring Data JPA repositories in DEFAULT mode.
2025-09-29T00:26:17.670-05:00  INFO 29352 --- [client-service] [main] .s.d.r.c.RepositoryConfigurationDelegate : Finished Spring Data repository scanning in 83 ms. Found 2 JPA repository interfaces.
2025-09-29T00:26:18.283-05:00  INFO 29352 --- [client-service] [main] com.zaxxer.hikari.HikariDataSource       : HikariPool-1 - Starting...
2025-09-29T00:26:18.663-05:00  INFO 29352 --- [client-service] [main] com.zaxxer.hikari.pool.HikariPool        : HikariPool-1 - Added connection conn0: url=jdbc:h2:mem:testdb user=SA
2025-09-29T00:26:18.666-05:00  INFO 29352 --- [client-service] [main] com.zaxxer.hikari.HikariDataSource       : HikariPool-1 - Start completed.
2025-09-29T00:26:18.873-05:00  INFO 29352 --- [client-service] [main] o.hibernate.jpa.internal.util.LogHelper  : HHH000204: Processing PersistenceUnitInfo [name: default]
2025-09-29T00:26:18.985-05:00  INFO 29352 --- [client-service] [main] org.hibernate.Version                    : HHH000412: Hibernate ORM core version 6.6.22.Final
2025-09-29T00:26:19.068-05:00  INFO 29352 --- [client-service] [main] o.h.c.internal.RegionFactoryInitiator    : HHH000026: Second-level cache disabled
2025-09-29T00:26:19.619-05:00  INFO 29352 --- [client-service] [main] o.s.o.j.p.SpringPersistenceUnitInfo      : No LoadTimeWeaver setup: ignoring JPA class transformer
2025-09-29T00:26:19.758-05:00  INFO 29352 --- [client-service] [main] org.hibernate.orm.connections.pooling    : HHH10001005: Database info:
	Database JDBC URL [Connecting through datasource 'HikariDataSource (HikariPool-1)']
	Database driver: undefined/unknown
	Database version: 2.3.232
	Autocommit mode: undefined/unknown
	Isolation level: undefined/unknown
	Minimum pool size: undefined/unknown
	Maximum pool size: undefined/unknown
2025-09-29T00:26:21.037-05:00  INFO 29352 --- [client-service] [main] o.h.e.t.j.p.i.JtaPlatformInitiator       : HHH000489: No JTA platform available (set 'hibernate.transaction.jta.platform' to enable JTA platform integration)
2025-09-29T00:26:21.115-05:00  INFO 29352 --- [client-service] [main] j.LocalContainerEntityManagerFactoryBean : Initialized JPA EntityManagerFactory for persistence unit 'default'
2025-09-29T00:26:21.621-05:00  INFO 29352 --- [client-service] [main] o.s.d.j.r.query.QueryEnhancerFactory     : Hibernate is in classpath; If applicable, HQL parser will be used.
2025-09-29T00:26:22.689-05:00  WARN 29352 --- [client-service] [main] JpaBaseConfiguration$JpaWebConfiguration : spring.jpa.open-in-view is enabled by default. Therefore, database queries may be performed during view rendering. Explicitly configure spring.jpa.open-in-view to disable this warning
2025-09-29T00:26:23.232-05:00  INFO 29352 --- [client-service] [main] o.s.b.a.h2.H2ConsoleAutoConfiguration    : H2 console available at '/h2-console'. Database available at 'jdbc:h2:mem:testdb'
2025-09-29T00:26:23.346-05:00  INFO 29352 --- [client-service] [main] o.s.b.t.m.w.SpringBootMockServletContext : Initializing Spring TestDispatcherServlet ''
2025-09-29T00:26:23.349-05:00  INFO 29352 --- [client-service] [main] o.s.t.web.servlet.TestDispatcherServlet  : Initializing Servlet ''
2025-09-29T00:26:23.352-05:00  INFO 29352 --- [client-service] [main] o.s.t.web.servlet.TestDispatcherServlet  : Completed initialization in 1 ms
2025-09-29T00:26:23.421-05:00  INFO 29352 --- [client-service] [main] c.t.c.ClientServiceApplicationTests      : Started ClientServiceApplicationTests in 8.173 seconds (process running for 10.31)
2025-09-29T00:26:24.392-05:00  INFO 29352 --- [client-service] [SpringApplicationShutdownHook] j.LocalContainerEntityManagerFactoryBean : Closing JPA EntityManagerFactory for persistence unit 'default'
2025-09-29T00:26:24.396-05:00  INFO 29352 --- [client-service] [SpringApplicationShutdownHook] com.zaxxer.hikari.HikariDataSource       : HikariPool-1 - Shutdown initiated...
2025-09-29T00:26:24.403-05:00  INFO 29352 --- [client-service] [SpringApplicationShutdownHook] com.zaxxer.hikari.HikariDataSource       : HikariPool-1 - Shutdown completed.
2025-09-29T00:29:34.237-05:00  INFO 13428 --- [client-service] [main] c.t.c.ClientServiceApplicationTests      : Starting ClientServiceApplicationTests using Java 24.0.2 with PID 13428 (started by Encalada Farias in C:\Ejemplo-App\CursoJava\client-service\client-service)
2025-09-29T00:29:34.239-05:00  INFO 13428 --- [client-service] [main] c.t.c.ClientServiceApplicationTests      : The following 1 profile is active: "ci"
2025-09-29T00:29:34.965-05:00  INFO 13428 --- [client-service] [main] .s.d.r.c.RepositoryConfigurationDelegate : Bootstrapping Spring Data JPA repositories in DEFAULT mode.
2025-09-29T00:29:35.033-05:00  INFO 13428 --- [client-service] [main] .s.d.r.c.RepositoryConfigurationDelegate : Finished Spring Data repository scanning in 57 ms. Found 2 JPA repository interfaces.
2025-09-29T00:29:35.393-05:00  INFO 13428 --- [client-service] [main] com.zaxxer.hikari.HikariDataSource       : HikariPool-1 - Starting...
2025-09-29T00:29:35.656-05:00  INFO 13428 --- [client-service] [main] com.zaxxer.hikari.pool.HikariPool        : HikariPool-1 - Added connection conn0: url=jdbc:h2:mem:testdb user=SA
2025-09-29T00:29:35.658-05:00  INFO 13428 --- [client-service] [main] com.zaxxer.hikari.HikariDataSource       : HikariPool-1 - Start completed.
2025-09-29T00:29:35.782-05:00  INFO 13428 --- [client-service] [main] o.hibernate.jpa.internal.util.LogHelper  : HHH000204: Processing PersistenceUnitInfo [name: default]
2025-09-29T00:29:35.845-05:00  INFO 13428 --- [client-service] [main] org.hibernate.Version                    : HHH000412: Hibernate ORM core version 6.6.22.Final
2025-09-29T00:29:35.893-05:00  INFO 13428 --- [client-service] [main] o.h.c.internal.RegionFactoryInitiator    : HHH000026: Second-level cache disabled
2025-09-29T00:29:36.243-05:00  INFO 13428 --- [client-service] [main] o.s.o.j.p.SpringPersistenceUnitInfo      : No LoadTimeWeaver setup: ignoring JPA class transformer
2025-09-29T00:29:36.340-05:00  INFO 13428 --- [client-service] [main] org.hibernate.orm.connections.pooling    : HHH10001005: Database info:
	Database JDBC URL [Connecting through datasource 'HikariDataSource (HikariPool-1)']
	Database driver: undefined/unknown
	Database version: 2.3.232
	Autocommit mode: undefined/unknown
	Isolation level: undefined/unknown
	Minimum pool size: undefined/unknown
	Maximum pool size: undefined/unknown
2025-09-29T00:29:37.202-05:00  INFO 13428 --- [client-service] [main] o.h.e.t.j.p.i.JtaPlatformInitiator       : HHH000489: No JTA platform available (set 'hibernate.transaction.jta.platform' to enable JTA platform integration)
2025-09-29T00:29:37.250-05:00  INFO 13428 --- [client-service] [main] j.LocalContainerEntityManagerFactoryBean : Initialized JPA EntityManagerFactory for persistence unit 'default'
2025-09-29T00:29:37.545-05:00  INFO 13428 --- [client-service] [main] o.s.d.j.r.query.QueryEnhancerFactory     : Hibernate is in classpath; If applicable, HQL parser will be used.
2025-09-29T00:29:38.244-05:00  WARN 13428 --- [client-service] [main] JpaBaseConfiguration$JpaWebConfiguration : spring.jpa.open-in-view is enabled by default. Therefore, database queries may be performed during view rendering. Explicitly configure spring.jpa.open-in-view to disable this warning
2025-09-29T00:29:38.580-05:00  INFO 13428 --- [client-service] [main] o.s.b.a.h2.H2ConsoleAutoConfiguration    : H2 console available at '/h2-console'. Database available at 'jdbc:h2:mem:testdb'
2025-09-29T00:29:38.653-05:00  INFO 13428 --- [client-service] [main] o.s.b.t.m.w.SpringBootMockServletContext : Initializing Spring TestDispatcherServlet ''
2025-09-29T00:29:38.653-05:00  INFO 13428 --- [client-service] [main] o.s.t.web.servlet.TestDispatcherServlet  : Initializing Servlet ''
2025-09-29T00:29:38.654-05:00  INFO 13428 --- [client-service] [main] o.s.t.web.servlet.TestDispatcherServlet  : Completed initialization in 1 ms
2025-09-29T00:29:38.689-05:00  INFO 13428 --- [client-service] [main] c.t.c.ClientServiceApplicationTests      : Started ClientServiceApplicationTests in 4.859 seconds (process running for 6.08)
2025-09-29T00:29:39.269-05:00  INFO 13428 --- [client-service] [SpringApplicationShutdownHook] j.LocalContainerEntityManagerFactoryBean : Closing JPA EntityManagerFactory for persistence unit 'default'
2025-09-29T00:29:39.271-05:00  INFO 13428 --- [client-service] [SpringApplicationShutdownHook] com.zaxxer.hikari.HikariDataSource       : HikariPool-1 - Shutdown initiated...
2025-09-29T00:29:39.273-05:00  INFO 13428 --- [client-service] [SpringApplicationShutdownHook] com.zaxxer.hikari.HikariDataSource       : HikariPool-1 - Shutdown completed.
